[0/1] Planning build
Building for debugging...
[0/2] Write swift-version--58304C5D6DBC2206.txt
Build complete! (0.38s)
ô€Ÿˆ  Test run started.
ô€„µ  Testing Library Version: 124.4
ô€„µ  Target Platform: arm64e-apple-macos14.0
ô€Ÿˆ  Suite "Visibility & Space Tests (VS)" started.
ô€Ÿˆ  Suite "Route Selection Tests (RT)" started.
ô€Ÿˆ  Suite "Click Target Tests (CT)" started.
ô€Ÿˆ  Suite "Coordinate Converter Boundary Tests" started.
ô€Ÿˆ  Suite "Wait Timing Tests (WT)" started.
ô€Ÿˆ  Suite "PilotError Handling Tests" started.
ô€Ÿˆ  Suite "Enhanced Route Selection Tests" started.
ô€Ÿˆ  Suite "Keyboard Input Tests (KB)" started.
ô€Ÿˆ  Test "VS-03: STAY_HIDDEN policy preserves window state" started.
ô€Ÿˆ  Test testErrorTypes() started.
ô€Ÿˆ  Test "VS-04: Space transition handling" started.
ô€Ÿˆ  Test "VS-01: BRING_FORE_TEMP policy with precise restoration" started.
ô€Ÿˆ  Test testAppPilotInitialization() started.
ô€Ÿˆ  Suite "Stress Tests (ST)" started.
ô€Ÿˆ  Test testMockDrivers() started.
ô€Ÿˆ  Test "WT-Performance: Multiple wait operations timing consistency" started.
ô€Ÿˆ  Test "Large coordinate values" started.
ô€Ÿˆ  Test "WT-01: Time-based wait precision - 1500ms with Â±50ms tolerance" started.
ô€Ÿˆ  Test "Negative coordinates" started.
ô€Ÿˆ  Test "RT-01: AppleScriptable app should use APPLE_EVENT route" started.
ô€Ÿˆ  Test "RT-02: Non-scriptable app with AX should use AX_ACTION route" started.
ô€Ÿˆ  Test "Window corners and edges" started.
ô€Ÿˆ  Test "Fractional coordinates precision" started.
ô€Ÿˆ  Test "RT-04: Route fallback behavior" started.
ô€Ÿˆ  Test "VS-Performance: Visibility state restoration timing" started.
ô€Ÿˆ  Test "RT-06: Route selection performance" started.
ô€Ÿˆ  Test "VS-02: UNMINIMIZE policy with minimized window" started.
ô€Ÿˆ  Test "AX coordinate normalization" started.
ô€Ÿˆ  Test "WT-Edge: Wait with very short duration" started.
ô€Ÿˆ  Test "RT-03: Gesture commands always use UI_EVENT route" started.
ô€Ÿˆ  Test "Mock driver error simulation" started.
ô€Ÿˆ  Test "CT-01: Click targets with UNMINIMIZE policy" started.
ô€Ÿˆ  Test "Error recovery information" started.
ô€Ÿˆ  Test "PilotError window ID handling" started.
ô€Ÿˆ  Test "Invalid argument error with details" started.
ô€Ÿˆ  Test "OS failure error context" started.
ô€Ÿˆ  Test "PilotError timeout specific handling" started.
ô€Ÿˆ  Test "PilotError creation and basic properties" started.
ô€Ÿˆ  Test "PilotError app ID handling" started.
ô€Ÿˆ  Test "Route error context" started.
ô€Ÿˆ  Test "Permission error context" started.
ô€Ÿˆ  Test "RT-Enhanced-05: Concurrent route selection" started.
ô€Ÿˆ  Test "Error throwing and catching patterns" started.
ô€Ÿˆ  Test "RT-Enhanced-03: Performance impact measurement" started.
ô€Ÿˆ  Test "RT-Enhanced-01: Detailed route fallback verification" started.
ô€Ÿˆ  Test "RT-Enhanced-04: Route selection with multiple failures" started.
Testing route selection for non-scriptable app with AX support
Testing route selection for AppleScriptable app
Click route: AX_ACTION
Click route: AX_ACTION
ô€Ÿˆ  Test "KB-03: Control characters - 95% accuracy required" started.
Testing route fallback behavior
Type route: AX_ACTION
Fallback click route: UI_EVENT
ô€Ÿˆ  Test "KB-02: Japanese Unicode text input - 98% accuracy required" started.
ô€Ÿˆ  Test "KB-Route: Keyboard input route selection" started.
ô€Ÿˆ  Test "KB-Special: Special characters and symbols" started.
ô€Ÿˆ  Test "KB-01: Basic alphanumeric text input - perfect match required" started.
Testing route selection performance
ô€¢„  Test "RT-01: AppleScriptable app should use APPLE_EVENT route" recorded an issue at RouteSelectionTests.swift:44:9: Expectation failed: (clickResult.route â†’ .AX_ACTION) == .APPLE_EVENT
ô€„µ  AppleScriptable app should use APPLE_EVENT route for clicks
ô€¢„  Test "RT-01: AppleScriptable app should use APPLE_EVENT route" recorded an issue at RouteSelectionTests.swift:49:9: Expectation failed: !((sentEvents â†’ []).isEmpty â†’ true â†’ true)
ô€„µ  AppleEvent should have been sent
Type route: AX_ACTION
ô€¢„  Test "RT-06: Route selection performance" recorded an issue at RouteSelectionTests.swift:222:6: Caught error: ROUTE_UNAVAILABLE("All routes failed: OS_FAILURE(api: \"CGEvent\", status: -1)")
ô€¢„  Test "RT-01: AppleScriptable app should use APPLE_EVENT route" recorded an issue at RouteSelectionTests.swift:59:9: Expectation failed: (typeResult.route â†’ .AX_ACTION) == .APPLE_EVENT
ô€„µ  AppleScriptable app should use APPLE_EVENT route for typing
Testing time-based wait for 1500ms
Testing space transition handling
Current space: 2, window in space: 5
Testing wait timing consistency over 10 iterations
Cross-space click: true via UI_EVENT
Space transition should be handled transparently
Testing route selection for gesture commands
Testing visibility state restoration timing
Testing scroll gesture
Testing BRING_FORE_TEMP policy with restoration
Testing very short wait: 10ms
Initial state: TestApp in Space 4, current space is 1
scroll route: UI_EVENT
Click result: true via AX_ACTION
Operation completed - state should be restored
Testing STAY_HIDDEN policy preserves window state
Testing UNMINIMIZE policy with minimized window
Click with STAY_HIDDEN: true via AX_ACTION
Window should remain minimized after operation
Click on minimized window: true via AX_ACTION
Final window space: 4
Testing pinch gesture
pinch route: UI_EVENT
Testing rotate gesture
rotate route: UI_EVENT
Testing drag gesture
drag route: UI_EVENT
ô€Ÿˆ  Test "ST-01: Random click stress test - 100 operations" started.
ô€¢„  Test "VS-Performance: Visibility state restoration timing" recorded an issue at VisibilitySpaceTests.swift:202:6: Caught error: OS_FAILURE(api: "AXUIElement", status: -1)
Window should be temporarily unminimized during operation
Testing swipe gesture
swipe route: UI_EVENT
ô€Ÿˆ  Test "ST-02: Random type stress test - 50 operations" started.
ô€Ÿˆ  Test "ST-05: Error recovery stress test" started.
ô€Ÿˆ  Test "ST-04: Memory leak detection - basic test" started.
ô€Ÿˆ  Test "ST-03: Mixed operations stress test - concurrent load" started.
ô€¢„  Test "PilotError creation and basic properties" recorded an issue at PilotErrorTests.swift:24:13: Expectation failed: (error.localizedDescription.contains(expectedPrefix) â†’ false) || (error.localizedDescription.lowercased().contains(expectedPrefix.lowercased()) â†’ false)
ô€„µ  Error description should contain expected text: \(error)
ô›  Test testErrorTypes() passed after 0.006 seconds.
ô›  Test testAppPilotInitialization() passed after 0.006 seconds.
ô›  Test "Negative coordinates" passed after 0.006 seconds.
ô›  Test "Large coordinate values" passed after 0.006 seconds.
ô›  Test "Window corners and edges" passed after 0.006 seconds.
ô›  Test testMockDrivers() passed after 0.006 seconds.
ô›  Test "RT-04: Route fallback behavior" passed after 0.006 seconds.
ô€¢„  Test "RT-Enhanced-04: Route selection with multiple failures" recorded an issue at EnhancedRouteSelectionTests.swift:189:9: Expectation failed: (abs(clickEvent.point.x - 150) â†’ 100.0) < 1.0
ô€„µ  Screen X should be window.x + point.x
ô›  Test "RT-02: Non-scriptable app with AX should use AX_ACTION route" passed after 0.006 seconds.
ô€¢„  Test "RT-Enhanced-04: Route selection with multiple failures" recorded an issue at EnhancedRouteSelectionTests.swift:190:9: Expectation failed: (abs(clickEvent.point.y - 175) â†’ 100.0) < 1.0
ô€„µ  Screen Y should be window.y + point.y
ô›  Test "Fractional coordinates precision" passed after 0.006 seconds.
ô€¢„  Test "RT-06: Route selection performance" failed after 0.006 seconds with 1 issue.
ô€¢„  Test "PilotError creation and basic properties" recorded an issue at PilotErrorTests.swift:24:13: Expectation failed: (error.localizedDescription.contains(expectedPrefix) â†’ false) || (error.localizedDescription.lowercased().contains(expectedPrefix.lowercased()) â†’ false)
ô€„µ  Error description should contain expected text: \(error)
ô€¢„  Test "RT-01: AppleScriptable app should use APPLE_EVENT route" failed after 0.006 seconds with 3 issues.
ô›  Test "AX coordinate normalization" passed after 0.006 seconds.
Type with AX available: AX_ACTION
Type with AX disabled: UI_EVENT
ô›  Test "VS-03: STAY_HIDDEN policy preserves window state" passed after 0.006 seconds.
ô›  Test "Error recovery information" passed after 0.006 seconds.
ô›  Test "OS failure error context" passed after 0.006 seconds.
ô›  Test "VS-01: BRING_FORE_TEMP policy with precise restoration" passed after 0.006 seconds.
ô›  Test "Invalid argument error with details" passed after 0.006 seconds.
ô›  Test "PilotError timeout specific handling" passed after 0.006 seconds.
ô›  Test "Route error context" passed after 0.006 seconds.
ô›  Test "VS-04: Space transition handling" passed after 0.006 seconds.
ô›  Test "PilotError app ID handling" passed after 0.006 seconds.
ô›  Test "PilotError window ID handling" passed after 0.006 seconds.
ô›  Test "RT-03: Gesture commands always use UI_EVENT route" passed after 0.006 seconds.
ô›  Test "Permission error context" passed after 0.006 seconds.
ô›  Test "VS-02: UNMINIMIZE policy with minimized window" passed after 0.006 seconds.
ô€¢„  Test "VS-Performance: Visibility state restoration timing" failed after 0.006 seconds with 1 issue.
ô›  Test "Error throwing and catching patterns" passed after 0.006 seconds.
ô€¢„  Test "PilotError creation and basic properties" failed after 0.006 seconds with 2 issues.
ô›  Test "KB-Route: Keyboard input route selection" passed after 0.005 seconds.
ô€¢„  Test "RT-Enhanced-04: Route selection with multiple failures" failed after 0.006 seconds with 2 issues.
ô€¢„  Suite "Route Selection Tests (RT)" failed after 0.007 seconds with 4 issues.
ô€¢„  Suite "Visibility & Space Tests (VS)" failed after 0.007 seconds with 1 issue.
ğŸ› ï¸ Starting error recovery stress test
ğŸ§ª Starting memory leak detection test
ğŸ”€ Starting mixed operations stress test
   Concurrency level: 3
ô›  Suite "Coordinate Converter Boundary Tests" passed after 0.007 seconds.
ô€¢„  Test "RT-Enhanced-05: Concurrent route selection" recorded an issue at EnhancedRouteSelectionTests.swift:251:9: Expectation failed: results.allSatisfy { $0.route == .APPLE_EVENT }
ô€„µ  // All should use the same route (AppleEvent, since it's available and highest priority)
ô€„µ  All should use APPLE_EVENT route
ô€¢„  Test "RT-Enhanced-05: Concurrent route selection" recorded an issue at EnhancedRouteSelectionTests.swift:255:9: Expectation failed: (appleEventCalls.count â†’ 0) == 5
ô€„µ  Should have 5 AppleEvent calls
ô€¢„  Test "RT-Enhanced-05: Concurrent route selection" failed after 0.006 seconds with 2 issues.
  Requested: 10ms, Actual: 11ms, Error: 1ms
Testing very short wait: 50ms
ô€¢„  Test "RT-Enhanced-03: Performance impact measurement" recorded an issue at EnhancedRouteSelectionTests.swift:119:9: Expectation failed: (appleEventResult.route â†’ .AX_ACTION) == .APPLE_EVENT
ô€„µ  Should use AppleEvent route when forced
AppleEvent duration: \(String(format: "%.3f", appleEventDuration * 1000))ms
UI Event duration: \(String(format: "%.3f", uiEventDuration * 1000))ms
UI Event timing stats: avg=\(String(format: "%.3f", timingStats.average * 1000))ms, count=\(timingStats.count)
ô€¢„  Test "RT-Enhanced-03: Performance impact measurement" failed after 0.017 seconds with 1 issue.
ô€¢„  Test "CT-01: Click targets with UNMINIMIZE policy" recorded an issue at ClickTargetTests.swift:11:6: Caught error: Error Domain=NSURLErrorDomain Code=-1004 "Could not connect to the server." UserInfo={_kCFStreamErrorCodeKey=61, NSUnderlyingError=0x600003fd41b0 {Error Domain=kCFErrorDomainCFNetwork Code=-1004 "(null)" UserInfo={_NSURLErrorNWPathKey=satisfied (Path is satisfied), interface: lo0, _kCFStreamErrorCodeKey=61, _kCFStreamErrorDomainKey=1}}, _NSURLErrorFailingURLSessionTaskErrorKey=LocalDataTask <6F9A0E9B-FF63-4C16-9B52-2318A5A9579B>.<1>, _NSURLErrorRelatedURLSessionTaskErrorKey=(
    "LocalDataTask <6F9A0E9B-FF63-4C16-9B52-2318A5A9579B>.<1>"
), NSLocalizedDescription=Could not connect to the server., NSErrorFailingURLStringKey=http://localhost:8765/api/reset, NSErrorFailingURLKey=http://localhost:8765/api/reset, _kCFStreamErrorDomainKey=1}
ô€¢„  Test "CT-01: Click targets with UNMINIMIZE policy" failed after 0.021 seconds with 1 issue.
ô€¢„  Test "KB-Special: Special characters and symbols" recorded an issue at KeyboardInputTests.swift:84:6: Caught error: Error Domain=NSURLErrorDomain Code=-1004 "Could not connect to the server." UserInfo={_kCFStreamErrorCodeKey=61, NSUnderlyingError=0x600003fea9a0 {Error Domain=kCFErrorDomainCFNetwork Code=-1004 "(null)" UserInfo={_NSURLErrorNWPathKey=satisfied (Path is satisfied), interface: lo0, _kCFStreamErrorCodeKey=61, _kCFStreamErrorDomainKey=1}}, _NSURLErrorFailingURLSessionTaskErrorKey=LocalDataTask <B93EB276-67B7-4946-B994-33B554D212A0>.<5>, _NSURLErrorRelatedURLSessionTaskErrorKey=(
    "LocalDataTask <B93EB276-67B7-4946-B994-33B554D212A0>.<5>"
), NSLocalizedDescription=Could not connect to the server., NSErrorFailingURLStringKey=http://localhost:8765/api/reset, NSErrorFailingURLKey=http://localhost:8765/api/reset, _kCFStreamErrorDomainKey=1}
ô€¢„  Test "ST-01: Random click stress test - 100 operations" recorded an issue at StressTests.swift:11:6: Caught error: Error Domain=NSURLErrorDomain Code=-1004 "Could not connect to the server." UserInfo={_kCFStreamErrorCodeKey=61, NSUnderlyingError=0x600003fea460 {Error Domain=kCFErrorDomainCFNetwork Code=-1004 "(null)" UserInfo={_NSURLErrorNWPathKey=satisfied (Path is satisfied), interface: lo0, _kCFStreamErrorCodeKey=61, _kCFStreamErrorDomainKey=1}}, _NSURLErrorFailingURLSessionTaskErrorKey=LocalDataTask <62920E39-1500-402E-9233-108A01AA561C>.<6>, _NSURLErrorRelatedURLSessionTaskErrorKey=(
    "LocalDataTask <62920E39-1500-402E-9233-108A01AA561C>.<6>"
), NSLocalizedDescription=Could not connect to the server., NSErrorFailingURLStringKey=http://localhost:8765/api/reset, NSErrorFailingURLKey=http://localhost:8765/api/reset, _kCFStreamErrorDomainKey=1}
ô€¢„  Suite "Click Target Tests (CT)" failed after 0.021 seconds with 1 issue.
ô€¢„  Test "KB-03: Control characters - 95% accuracy required" recorded an issue at KeyboardInputTests.swift:30:6: Caught error: Error Domain=NSURLErrorDomain Code=-1004 "Could not connect to the server." UserInfo={_kCFStreamErrorCodeKey=61, NSUnderlyingError=0x600003fe9bc0 {Error Domain=kCFErrorDomainCFNetwork Code=-1004 "(null)" UserInfo={_NSURLErrorNWPathKey=satisfied (Path is satisfied), interface: lo0, _kCFStreamErrorCodeKey=61, _kCFStreamErrorDomainKey=1}}, _NSURLErrorFailingURLSessionTaskErrorKey=LocalDataTask <173AE6AE-03B9-4C32-9101-44CF71AD6B6B>.<2>, _NSURLErrorRelatedURLSessionTaskErrorKey=(
    "LocalDataTask <173AE6AE-03B9-4C32-9101-44CF71AD6B6B>.<2>"
), NSLocalizedDescription=Could not connect to the server., NSErrorFailingURLStringKey=http://localhost:8765/api/reset, NSErrorFailingURLKey=http://localhost:8765/api/reset, _kCFStreamErrorDomainKey=1}
ô€¢„  Test "ST-01: Random click stress test - 100 operations" failed after 0.015 seconds with 1 issue.
ô€¢„  Test "KB-01: Basic alphanumeric text input - perfect match required" recorded an issue at KeyboardInputTests.swift:18:6: Caught error: Error Domain=NSURLErrorDomain Code=-1004 "Could not connect to the server." UserInfo={_kCFStreamErrorCodeKey=61, NSUnderlyingError=0x600003feafd0 {Error Domain=kCFErrorDomainCFNetwork Code=-1004 "(null)" UserInfo={_NSURLErrorNWPathKey=satisfied (Path is satisfied), interface: lo0, _kCFStreamErrorCodeKey=61, _kCFStreamErrorDomainKey=1}}, _NSURLErrorFailingURLSessionTaskErrorKey=LocalDataTask <E4FA521B-ED71-4F10-9A63-A552E16ABE46>.<3>, _NSURLErrorRelatedURLSessionTaskErrorKey=(
    "LocalDataTask <E4FA521B-ED71-4F10-9A63-A552E16ABE46>.<3>"
), NSLocalizedDescription=Could not connect to the server., NSErrorFailingURLStringKey=http://localhost:8765/api/reset, NSErrorFailingURLKey=http://localhost:8765/api/reset, _kCFStreamErrorDomainKey=1}
ô€¢„  Test "KB-Special: Special characters and symbols" failed after 0.020 seconds with 1 issue.
ô€¢„  Test "KB-02: Japanese Unicode text input - 98% accuracy required" recorded an issue at KeyboardInputTests.swift:24:6: Caught error: Error Domain=NSURLErrorDomain Code=-1004 "Could not connect to the server." UserInfo={_kCFStreamErrorCodeKey=61, NSUnderlyingError=0x600003feb3c0 {Error Domain=kCFErrorDomainCFNetwork Code=-1004 "(null)" UserInfo={_NSURLErrorNWPathKey=satisfied (Path is satisfied), interface: lo0, _kCFStreamErrorCodeKey=61, _kCFStreamErrorDomainKey=1}}, _NSURLErrorFailingURLSessionTaskErrorKey=LocalDataTask <250B177E-834E-4430-A7A0-855A5264950E>.<4>, _NSURLErrorRelatedURLSessionTaskErrorKey=(
    "LocalDataTask <250B177E-834E-4430-A7A0-855A5264950E>.<4>"
), NSLocalizedDescription=Could not connect to the server., NSErrorFailingURLStringKey=http://localhost:8765/api/reset, NSErrorFailingURLKey=http://localhost:8765/api/reset, _kCFStreamErrorDomainKey=1}
ô€¢„  Test "KB-01: Basic alphanumeric text input - perfect match required" failed after 0.020 seconds with 1 issue.
ô€¢„  Test "KB-03: Control characters - 95% accuracy required" failed after 0.020 seconds with 1 issue.
ô€¢„  Test "KB-02: Japanese Unicode text input - 98% accuracy required" failed after 0.020 seconds with 1 issue.
ô€¢„  Suite "Keyboard Input Tests (KB)" failed after 0.022 seconds with 4 issues.
ô€¢„  Test "ST-02: Random type stress test - 50 operations" recorded an issue at StressTests.swift:124:6: Caught error: Error Domain=NSURLErrorDomain Code=-1004 "Could not connect to the server." UserInfo={_kCFStreamErrorCodeKey=61, NSUnderlyingError=0x600003fea3d0 {Error Domain=kCFErrorDomainCFNetwork Code=-1004 "(null)" UserInfo={_NSURLErrorNWPathKey=satisfied (Path is satisfied), interface: lo0, _kCFStreamErrorCodeKey=61, _kCFStreamErrorDomainKey=1}}, _NSURLErrorFailingURLSessionTaskErrorKey=LocalDataTask <B23AD3E7-A8FC-4393-8E66-32038B99AA03>.<7>, _NSURLErrorRelatedURLSessionTaskErrorKey=(
    "LocalDataTask <B23AD3E7-A8FC-4393-8E66-32038B99AA03>.<7>"
), NSLocalizedDescription=Could not connect to the server., NSErrorFailingURLStringKey=http://localhost:8765/api/reset, NSErrorFailingURLKey=http://localhost:8765/api/reset, _kCFStreamErrorDomainKey=1}
ô€¢„  Test "ST-02: Random type stress test - 50 operations" failed after 0.015 seconds with 1 issue.
ô€¢„  Test "ST-04: Memory leak detection - basic test" recorded an issue at StressTests.swift:322:6: Caught error: Error Domain=NSURLErrorDomain Code=-1004 "Could not connect to the server." UserInfo={_kCFStreamErrorCodeKey=61, NSUnderlyingError=0x600003feae50 {Error Domain=kCFErrorDomainCFNetwork Code=-1004 "(null)" UserInfo={_NSURLErrorNWPathKey=satisfied (Path is satisfied), interface: lo0, _kCFStreamErrorCodeKey=61, _kCFStreamErrorDomainKey=1}}, _NSURLErrorFailingURLSessionTaskErrorKey=LocalDataTask <C72A4D89-0D2A-469D-A7DB-D261D05DB4C6>.<8>, _NSURLErrorRelatedURLSessionTaskErrorKey=(
    "LocalDataTask <C72A4D89-0D2A-469D-A7DB-D261D05DB4C6>.<8>"
), NSLocalizedDescription=Could not connect to the server., NSErrorFailingURLStringKey=http://localhost:8765/api/reset, NSErrorFailingURLKey=http://localhost:8765/api/reset, _kCFStreamErrorDomainKey=1}
ô€¢„  Test "ST-05: Error recovery stress test" recorded an issue at StressTests.swift:388:6: Caught error: Error Domain=NSURLErrorDomain Code=-1004 "Could not connect to the server." UserInfo={_kCFStreamErrorCodeKey=61, NSUnderlyingError=0x600003ff8090 {Error Domain=kCFErrorDomainCFNetwork Code=-1004 "(null)" UserInfo={_NSURLErrorNWPathKey=satisfied (Path is satisfied), interface: lo0, _kCFStreamErrorCodeKey=61, _kCFStreamErrorDomainKey=1}}, _NSURLErrorFailingURLSessionTaskErrorKey=LocalDataTask <24DCE1A2-33A2-43DB-A7EC-CDF3DB7F753C>.<10>, _NSURLErrorRelatedURLSessionTaskErrorKey=(
    "LocalDataTask <24DCE1A2-33A2-43DB-A7EC-CDF3DB7F753C>.<10>"
), NSLocalizedDescription=Could not connect to the server., NSErrorFailingURLStringKey=http://localhost:8765/api/reset, NSErrorFailingURLKey=http://localhost:8765/api/reset, _kCFStreamErrorDomainKey=1}
ô€¢„  Test "ST-03: Mixed operations stress test - concurrent load" recorded an issue at StressTests.swift:209:6: Caught error: Error Domain=NSURLErrorDomain Code=-1004 "Could not connect to the server." UserInfo={_kCFStreamErrorCodeKey=61, NSUnderlyingError=0x600003ffc510 {Error Domain=kCFErrorDomainCFNetwork Code=-1004 "(null)" UserInfo={_NSURLErrorNWPathKey=satisfied (Path is satisfied), interface: lo0, _kCFStreamErrorCodeKey=61, _kCFStreamErrorDomainKey=1}}, _NSURLErrorFailingURLSessionTaskErrorKey=LocalDataTask <B273382F-8517-48D0-A241-A543D335F38B>.<9>, _NSURLErrorRelatedURLSessionTaskErrorKey=(
    "LocalDataTask <B273382F-8517-48D0-A241-A543D335F38B>.<9>"
), NSLocalizedDescription=Could not connect to the server., NSErrorFailingURLStringKey=http://localhost:8765/api/reset, NSErrorFailingURLKey=http://localhost:8765/api/reset, _kCFStreamErrorDomainKey=1}
ô€¢„  Test "ST-05: Error recovery stress test" failed after 0.015 seconds with 1 issue.
ô€¢„  Test "ST-03: Mixed operations stress test - concurrent load" failed after 0.015 seconds with 1 issue.
ô€¢„  Test "ST-04: Memory leak detection - basic test" failed after 0.015 seconds with 1 issue.
ô€¢„  Suite "Stress Tests (ST)" failed after 0.022 seconds with 5 issues.
  Requested: 50ms, Actual: 51ms, Error: 1ms
Testing very short wait: 100ms
ô›  Test "Mock driver error simulation" passed after 0.111 seconds.
ô€¢„  Test "RT-Enhanced-01: Detailed route fallback verification" recorded an issue at EnhancedRouteSelectionTests.swift:64:9: Expectation failed: (abs(clickEvent.point.x - 300) â†’ 100.0) < 1.0
ô€„µ  Click X coordinate should be converted to screen coordinates
ô€¢„  Test "RT-Enhanced-01: Detailed route fallback verification" recorded an issue at EnhancedRouteSelectionTests.swift:65:9: Expectation failed: (abs(clickEvent.point.y - 400) â†’ 100.0) < 1.0
ô€„µ  Click Y coordinate should be converted to screen coordinates
ô€¢„  Suite "PilotError Handling Tests" failed after 0.111 seconds with 2 issues.
ô€¢„  Test "RT-Enhanced-01: Detailed route fallback verification" failed after 0.110 seconds with 2 issues.
ô€¢„  Suite "Enhanced Route Selection Tests" failed after 0.111 seconds with 7 issues.
  Requested: 100ms, Actual: 100ms, Error: 0ms
ô›  Test "WT-Edge: Wait with very short duration" passed after 0.169 seconds.
Iteration 1: 531ms (error: 31ms)
Iteration 2: 527ms (error: 27ms)
Requested: 1500ms
Actual: 1591ms
Error: 91ms
Tolerance: Â±50ms
Iteration 3: 531ms (error: 31ms)
ô€¢„  Test "WT-01: Time-based wait precision - 1500ms with Â±50ms tolerance" recorded an issue at WaitTimingTests.swift:34:9: Expectation failed: (errorMs â†’ 91) <= (toleranceMs â†’ 50)
ô€„µ  // Verify timing precision according to specification
ô€„µ  Wait timing error (91ms) should be within Â±50ms
ô€¢„  Test "WT-01: Time-based wait precision - 1500ms with Â±50ms tolerance" recorded an issue at WaitTimingTests.swift:11:6: Caught error: Error Domain=NSURLErrorDomain Code=-1004 "Could not connect to the server." UserInfo={_kCFStreamErrorCodeKey=61, NSUnderlyingError=0x600003fe4240 {Error Domain=kCFErrorDomainCFNetwork Code=-1004 "(null)" UserInfo={_NSURLErrorNWPathKey=satisfied (Path is satisfied), interface: lo0, _kCFStreamErrorCodeKey=61, _kCFStreamErrorDomainKey=1}}, _NSURLErrorFailingURLSessionTaskErrorKey=LocalDataTask <7D596DEA-43D0-4C8B-8999-F471F4B98C33>.<11>, _NSURLErrorRelatedURLSessionTaskErrorKey=(
    "LocalDataTask <7D596DEA-43D0-4C8B-8999-F471F4B98C33>.<11>"
), NSLocalizedDescription=Could not connect to the server., NSErrorFailingURLStringKey=http://localhost:8765/api/reset, NSErrorFailingURLKey=http://localhost:8765/api/reset, _kCFStreamErrorDomainKey=1}
ô€¢„  Test "WT-01: Time-based wait precision - 1500ms with Â±50ms tolerance" failed after 1.601 seconds with 2 issues.
Iteration 4: 518ms (error: 18ms)
Iteration 5: 533ms (error: 33ms)
Iteration 6: 533ms (error: 33ms)
Iteration 7: 533ms (error: 33ms)
Iteration 8: 533ms (error: 33ms)
Iteration 9: 517ms (error: 17ms)
Iteration 10: 532ms (error: 32ms)

Timing Statistics:
Average: 529ms (error: 29ms)
Min: 517ms
Max: 533ms
Variance: 16ms
ô€¢„  Test "WT-Performance: Multiple wait operations timing consistency" recorded an issue at WaitTimingTests.swift:88:9: Expectation failed: (averageError â†’ 29) <= 25
ô€„µ  // Verify consistency requirements
ô€„µ  Average timing error should be <= 25ms
ô€¢„  Test "WT-Performance: Multiple wait operations timing consistency" failed after 5.300 seconds with 1 issue.
ô€¢„  Suite "Wait Timing Tests (WT)" failed after 5.301 seconds with 3 issues.
ô€¢„  Test run with 47 tests failed after 5.301 seconds with 27 issues.
